<?xml version="1.0" encoding="UTF-8"?>
<!-- Generated by org.testng.reporters.JUnitReportReporter -->
<testsuite skipped="0" hostname="Tringappss-MacBook-Pro-2.local" name="com.selenium.DemoSite.testCases.SignUp" tests="1" failures="0" timestamp="2020-01-23T12:06:38 IST" time="0.012" errors="0">
  <testcase name="login" time="0.012" classname="com.selenium.DemoSite.testCases.SignUp"/>
</testsuite> <!-- com.selenium.DemoSite.testCases.SignUp -->
