<?xml version="1.0" encoding="UTF-8"?>
<!-- Generated by org.testng.reporters.JUnitReportReporter -->
<testsuite skipped="0" hostname="Tringappss-MacBook-Pro-2.local" name="com.selenium.DemoSite.testCases.Login" tests="1" failures="0" timestamp="2020-01-23T12:32:30 IST" time="12.423" errors="0">
  <testcase name="Login001" time="12.423" classname="com.selenium.DemoSite.testCases.Login"/>
</testsuite> <!-- com.selenium.DemoSite.testCases.Login -->
